<?xml version="1.0" encoding="UTF-8"?>
<!-- Generated by org.testng.reporters.JUnitXMLReporter -->
<testsuite ignored="0" hostname="DESKTOP-QTRFQC9" failures="0" tests="2" name="Default test" time="43.591" errors="0" timestamp="2026-04-28T19:08:11 IST">
  <testcase classname="com.shopping.pratik_practice.TestCases.VerifyRegisterUser" name="verifyRegistration" time="13.746"/>
  <testcase classname="com.shopping.pratik_practice.TestCases.VerifyRegisterUser" name="verifyRegistration" time="14.319"/>
</testsuite> <!-- Default test -->
