<?xml version="1.0" encoding="UTF-8"?>
<!-- Generated by org.testng.reporters.JUnitXMLReporter -->
<testsuite ignored="0" hostname="DESKTOP-QTRFQC9" failures="1" tests="6" name="Test" time="151.035" errors="0" timestamp="2026-05-11T22:33:23 IST">
  <testcase classname="com.shopping.pratik_practice.TestCases.Verifyhometitlename" name="verifytitle" time="0.064">
    <failure type="java.lang.AssertionError" message="expected [Automation Exercise] but found [Automation Exercises]">
      <![CDATA[java.lang.AssertionError: expected [Automation Exercise] but found [Automation Exercises]
at com.shopping.pratik_practice.TestCases.Verifyhometitlename.verifytitle(Verifyhometitlename.java:23)
at java.base/java.util.ArrayList.forEach(ArrayList.java:1604)
... Removed 31 stack frames]]>
    </failure>
  </testcase> <!-- verifytitle -->
  <testcase classname="com.shopping.pratik_practice.TestCases.VerifyRegisterUser" name="verifyRegistration" time="19.685"/>
  <testcase classname="com.shopping.pratik_practice.TestCases.VerifyRegisterUser" name="verifyRegistration" time="19.31"/>
  <testcase classname="com.shopping.pratik_practice.TestCases.LoginWithAccount" name="verifylogins" time="13.271"/>
  <testcase classname="com.shopping.pratik_practice.TestCases.DeleteAccount" name="deleteaccount" time="22.1"/>
  <testcase classname="com.shopping.pratik_practice.TestCases.DeleteAccount" name="deleteaccount" time="16.434"/>
</testsuite> <!-- Test -->
