<?xml version="1.0" encoding="UTF-8"?>
<!-- Generated by org.testng.reporters.JUnitReportReporter -->
<testsuite hostname="DESKTOP-QTRFQC9" failures="0" tests="2" name="com.shopping.pratik_practice.TestCases.DeleteAccount" time="65.817" errors="0" timestamp="2026-05-11T22:33:24 IST" skipped="0">
  <testcase classname="com.shopping.pratik_practice.TestCases.DeleteAccount" name="deleteaccount" time="31.643"/>
  <testcase classname="com.shopping.pratik_practice.TestCases.DeleteAccount" name="deleteaccount" time="34.174"/>
</testsuite> <!-- com.shopping.pratik_practice.TestCases.DeleteAccount -->
