<?xml version="1.0" encoding="UTF-8"?>
<!-- Generated by org.testng.reporters.JUnitReportReporter -->
<testsuite hostname="DESKTOP-QTRFQC9" failures="0" tests="2" name="com.shopping.pratik_practice.TestCases.VerifyRegisterUser" time="53.148" errors="0" timestamp="2026-05-11T22:33:24 IST" skipped="0">
  <testcase classname="com.shopping.pratik_practice.TestCases.VerifyRegisterUser" name="verifyRegistration" time="24.799"/>
  <testcase classname="com.shopping.pratik_practice.TestCases.VerifyRegisterUser" name="verifyRegistration" time="28.349"/>
</testsuite> <!-- com.shopping.pratik_practice.TestCases.VerifyRegisterUser -->
